
[2014-08-25 11:40:23] myapp.INFO: Matched route "GET_" (parameters: "_controller": "{}", "_route": "GET_") [] []
[2014-08-25 11:40:23] myapp.INFO: > GET / [] []
[2014-08-25 11:40:23] myapp.INFO: < 200 [] []
[2014-08-25 11:46:38] myapp.INFO: Matched route "GET_" (parameters: "_controller": "{}", "_route": "GET_") [] []
[2014-08-25 11:46:38] myapp.INFO: > GET / [] []
[2014-08-25 11:46:38] myapp.INFO: < 200 [] []
[2014-08-25 11:46:47] myapp.INFO: Matched route "GET_" (parameters: "_controller": "{}", "_route": "GET_") [] []
[2014-08-25 11:46:47] myapp.INFO: > GET / [] []
[2014-08-25 11:46:47] myapp.INFO: < 200 [] []
[2014-08-25 12:04:05] myapp.INFO: Matched route "GET_" (parameters: "_controller": "{}", "_route": "GET_") [] []
[2014-08-25 12:04:05] myapp.INFO: > GET / [] []
[2014-08-25 12:04:05] myapp.INFO: < 200 [] []
[2014-08-30 20:11:00] myapp.INFO: Matched route "GET_" (parameters: "_controller": "{}", "_route": "GET_") [] []
[2014-08-30 20:11:00] myapp.INFO: > GET / [] []
[2014-08-30 20:11:00] myapp.INFO: < 200 [] []
[2014-08-30 20:16:54] myapp.INFO: Matched route "GET_" (parameters: "_controller": "{}", "_route": "GET_") [] []
[2014-08-30 20:16:54] myapp.INFO: > GET / [] []
[2014-08-30 20:16:54] myapp.INFO: < 200 [] []
[2014-08-30 20:17:00] myapp.INFO: Matched route "GET_twig" (parameters: "_controller": "Myele\Controller\Cjp\TestController::twigAction", "_route": "GET_twig") [] []
[2014-08-30 20:17:00] myapp.INFO: > GET /twig [] []
[2014-08-30 20:17:49] myapp.INFO: Matched route "GET_twig" (parameters: "_controller": "Myele\Controller\Cjp\TestController::twigAction", "_route": "GET_twig") [] []
[2014-08-30 20:17:49] myapp.INFO: > GET /twig [] []
[2014-08-30 20:17:49] myapp.INFO: < 200 [] []
[2014-08-30 20:20:27] myapp.INFO: Matched route "GET_twig" (parameters: "_controller": "Myele\Controller\Cjp\TestController::twigAction", "_route": "GET_twig") [] []
[2014-08-30 20:20:27] myapp.INFO: > GET /twig [] []
[2014-08-30 20:20:27] myapp.INFO: < 200 [] []
[2014-08-30 20:20:45] myapp.INFO: Matched route "GET_twig" (parameters: "_controller": "Myele\Controller\Cjp\TestController::twigAction", "_route": "GET_twig") [] []
[2014-08-30 20:20:45] myapp.INFO: > GET /twig [] []
[2014-08-30 20:20:45] myapp.INFO: < 200 [] []
[2014-08-30 20:20:46] myapp.INFO: Matched route "GET_twig" (parameters: "_controller": "Myele\Controller\Cjp\TestController::twigAction", "_route": "GET_twig") [] []
[2014-08-30 20:20:46] myapp.INFO: > GET /twig [] []
[2014-08-30 20:20:46] myapp.INFO: < 200 [] []
[2014-08-30 20:20:47] myapp.INFO: Matched route "GET_twig" (parameters: "_controller": "Myele\Controller\Cjp\TestController::twigAction", "_route": "GET_twig") [] []
[2014-08-30 20:20:47] myapp.INFO: > GET /twig [] []
[2014-08-30 20:20:47] myapp.INFO: < 200 [] []
[2014-08-30 20:20:49] myapp.INFO: Matched route "GET_twig" (parameters: "_controller": "Myele\Controller\Cjp\TestController::twigAction", "_route": "GET_twig") [] []
[2014-08-30 20:20:49] myapp.INFO: > GET /twig [] []
[2014-08-30 20:20:49] myapp.INFO: < 200 [] []
[2014-08-30 20:20:50] myapp.INFO: Matched route "GET_twig" (parameters: "_controller": "Myele\Controller\Cjp\TestController::twigAction", "_route": "GET_twig") [] []
[2014-08-30 20:20:50] myapp.INFO: > GET /twig [] []
[2014-08-30 20:20:50] myapp.INFO: < 200 [] []
[2014-08-30 20:39:38] myapp.INFO: Matched route "GET_twig" (parameters: "_controller": "Myele\Controller\Cjp\TestController::twigAction", "_route": "GET_twig") [] []
[2014-08-30 20:39:38] myapp.INFO: > GET /twig [] []
[2014-08-30 20:39:38] myapp.INFO: < 200 [] []
